<?xml version="1.0" encoding="UTF-8"?>
<!-- Generated by org.testng.reporters.JUnitReportReporter -->
<testsuite skipped="0" hostname="Jayavelu-PC" name="testscripts.LoginTest" tests="1" failures="0" timestamp="19 Aug 2019 10:38:15 GMT" time="20.607" errors="0">
  <testcase name="loginTest" time="20.607" classname="testscripts.LoginTest"/>
</testsuite> <!-- testscripts.LoginTest -->
